<?xml version="1.0" encoding="UTF-8"?>
<!-- Generated by org.testng.reporters.JUnitReportReporter -->
<testsuite skipped="0" hostname="DESKTOP-SHS08M3" name="Datadriven.TerstExcelwithhasttable" tests="5" failures="0" timestamp="02 May 2018 07:45:47 GMT" time="32.630" errors="0">
  <testcase name="test" time="3.677" classname="Datadriven.TerstExcelwithhasttable"/>
  <testcase name="test" time="8.930" classname="Datadriven.TerstExcelwithhasttable"/>
  <testcase name="test" time="8.531" classname="Datadriven.TerstExcelwithhasttable"/>
  <testcase name="test" time="8.340" classname="Datadriven.TerstExcelwithhasttable"/>
  <testcase name="test" time="3.152" classname="Datadriven.TerstExcelwithhasttable"/>
</testsuite> <!-- Datadriven.TerstExcelwithhasttable -->
