<?xml version="1.0" encoding="UTF-8"?>
<!-- Generated by org.testng.reporters.JUnitReportReporter -->
<testsuite skipped="0" hostname="DESKTOP-SHS08M3" name="Data.TerstExcelwithhasttable" tests="5" failures="0" timestamp="01 May 2018 18:23:44 GMT" time="27.024" errors="0">
  <testcase name="test" time="3.695" classname="Data.TerstExcelwithhasttable"/>
  <testcase name="test" time="3.309" classname="Data.TerstExcelwithhasttable"/>
  <testcase name="test" time="8.314" classname="Data.TerstExcelwithhasttable"/>
  <testcase name="test" time="8.478" classname="Data.TerstExcelwithhasttable"/>
  <testcase name="test" time="3.228" classname="Data.TerstExcelwithhasttable"/>
</testsuite> <!-- Data.TerstExcelwithhasttable -->
