<?xml version="1.0" encoding="UTF-8"?>
<!-- Generated by org.testng.reporters.JUnitReportReporter -->
<testsuite skipped="0" hostname="DESKTOP-SHS08M3" name="Data.TerstExcel" tests="5" failures="0" timestamp="01 May 2018 16:52:28 GMT" time="18.458" errors="0">
  <testcase name="test" time="4.433" classname="Data.TerstExcel"/>
  <testcase name="test" time="3.600" classname="Data.TerstExcel"/>
  <testcase name="test" time="3.451" classname="Data.TerstExcel"/>
  <testcase name="test" time="3.686" classname="Data.TerstExcel"/>
  <testcase name="test" time="3.288" classname="Data.TerstExcel"/>
</testsuite> <!-- Data.TerstExcel -->
